<?xml version="1.0" encoding="UTF-8"?>
<!-- Generated by org.testng.reporters.JUnitReportReporter -->
<testsuite hostname="RaushanLaptop" failures="0" tests="1" name="selenium_training.maven_selenium.SeleniumTest" time="4.606" errors="0" timestamp="2021-11-06T15:38:11 IST" skipped="0">
  <testcase classname="selenium_training.maven_selenium.SeleniumTest" name="browserInvokeTest" time="4.606"/>
  <system-out/>
</testsuite> <!-- selenium_training.maven_selenium.SeleniumTest -->
