<?xml version="1.0" encoding="UTF-8"?>
<!-- Generated by org.testng.reporters.JUnitReportReporter -->
<testsuite hostname="RaushanLaptop" failures="0" tests="1" name="dataDrivenFramework.ExcelDemoTest" time="0.885" errors="0" timestamp="2021-11-08T00:14:41 IST" skipped="0">
  <testcase classname="dataDrivenFramework.ExcelDemoTest" name="excelDriven" time="0.885"/>
  <system-out/>
</testsuite> <!-- dataDrivenFramework.ExcelDemoTest -->
