<?xml version="1.0" encoding="UTF-8"?>
<!-- Generated by org.testng.reporters.JUnitReportReporter -->
<testsuite hostname="RaushanLaptop" failures="0" tests="1" name="selenium_training.maven_selenium.ExtentReportTest" time="11.619" errors="0" timestamp="2021-11-07T20:14:36 IST" skipped="0">
  <testcase classname="selenium_training.maven_selenium.ExtentReportTest" name="initialDemo" time="11.619"/>
  <system-out/>
</testsuite> <!-- selenium_training.maven_selenium.ExtentReportTest -->
