<?xml version="1.0" encoding="UTF-8"?>
<!-- Generated by org.testng.reporters.JUnitReportReporter -->
<testsuite hostname="RaushanLaptop" failures="0" tests="1" name="log4JA.Demo2Test" time="0.018" errors="0" timestamp="2021-11-08T22:48:03 IST" skipped="0">
  <testcase classname="log4JA.Demo2Test" name="log4j" time="0.018"/>
  <system-out/>
</testsuite> <!-- log4JA.Demo2Test -->
