<?xml version="1.0" encoding="UTF-8"?>
<!-- Generated by org.testng.reporters.JUnitReportReporter -->
<testsuite hostname="RaushanLaptop" failures="0" tests="1" name="log4J.Demo1Test" time="0.015" errors="0" timestamp="2021-11-08T23:26:44 IST" skipped="0">
  <testcase classname="log4J.Demo1Test" name="log4j" time="0.015"/>
  <system-out/>
</testsuite> <!-- log4J.Demo1Test -->
